<?xml version="1.0" encoding="UTF-8"?>
<!-- Generated by org.testng.reporters.JUnitXMLReporter -->
<testsuite ignored="0" hostname="Nkosi" failures="1" tests="1" name="Test" time="6.373" errors="0" timestamp="2022-05-08T16:51:22 SAST">
  <testcase classname="com.qaengineer.testCases.AddUserTest" name="AddUser" time="3.542">
    <failure type="java.lang.NullPointerException" message="Cannot invoke &amp;quot;org.apache.log4j.Logger.info(Object)&amp;quot; because &amp;quot;com.qaengineer.testCases.AddUserTest.logger&amp;quot; is null">
      <![CDATA[java.lang.NullPointerException: Cannot invoke "org.apache.log4j.Logger.info(Object)" because "com.qaengineer.testCases.AddUserTest.logger" is null
at com.qaengineer.testCases.AddUserTest.AddUser(AddUserTest.java:16)
at java.base/java.util.ArrayList.forEach(ArrayList.java:1511)
... Removed 27 stack frames]]>
    </failure>
  </testcase> <!-- AddUser -->
</testsuite> <!-- Test -->
